<?xml version="1.0" encoding="UTF-8"?>
<testsuite xmlns:xsi="http://www.w3.org/2001/XMLSchema-instance" xsi:noNamespaceSchemaLocation="https://maven.apache.org/surefire/maven-surefire-plugin/xsd/surefire-test-report-3.0.xsd" version="3.0" name="FactorialTest" time="0.049" tests="6" errors="0" skipped="0" failures="0">
  <properties>
    <property name="java.specification.version" value="16"/>
    <property name="sun.cpu.isalist" value="amd64"/>
    <property name="sun.jnu.encoding" value="Cp1252"/>
    <property name="java.class.path" value="C:\Users\antho\OneDrive\Universidad Portátil\Tercer Año Segundo Cuatrimestre\Mantenimiento y Pruebas del Software\Mantenimiento\prueba\target\test-classes;C:\Users\antho\OneDrive\Universidad Portátil\Tercer Año Segundo Cuatrimestre\Mantenimiento y Pruebas del Software\Mantenimiento\prueba\target\classes;C:\Users\antho\.m2\repository\org\junit\jupiter\junit-jupiter-api\5.9.2\junit-jupiter-api-5.9.2.jar;C:\Users\antho\.m2\repository\org\opentest4j\opentest4j\1.2.0\opentest4j-1.2.0.jar;C:\Users\antho\.m2\repository\org\junit\platform\junit-platform-commons\1.9.2\junit-platform-commons-1.9.2.jar;C:\Users\antho\.m2\repository\org\apiguardian\apiguardian-api\1.1.2\apiguardian-api-1.1.2.jar;"/>
    <property name="java.vm.vendor" value="Oracle Corporation"/>
    <property name="sun.arch.data.model" value="64"/>
    <property name="user.variant" value=""/>
    <property name="java.vendor.url" value="https://java.oracle.com/"/>
    <property name="user.timezone" value="Europe/Madrid"/>
    <property name="os.name" value="Windows 10"/>
    <property name="java.vm.specification.version" value="16"/>
    <property name="sun.java.launcher" value="SUN_STANDARD"/>
    <property name="user.country" value="ES"/>
    <property name="sun.boot.library.path" value="C:\Program Files\Java\jdk-16\bin"/>
    <property name="sun.java.command" value="C:\Users\antho\AppData\Local\Temp\surefire11631335157438413132\surefirebooter-20230207113405210_3.jar C:\Users\antho\AppData\Local\Temp\surefire11631335157438413132 2023-02-07T11-33-50_931-jvmRun1 surefire-20230207113405210_1tmp surefire_0-20230207113405210_2tmp"/>
    <property name="jdk.debug" value="release"/>
    <property name="surefire.test.class.path" value="C:\Users\antho\OneDrive\Universidad Portátil\Tercer Año Segundo Cuatrimestre\Mantenimiento y Pruebas del Software\Mantenimiento\prueba\target\test-classes;C:\Users\antho\OneDrive\Universidad Portátil\Tercer Año Segundo Cuatrimestre\Mantenimiento y Pruebas del Software\Mantenimiento\prueba\target\classes;C:\Users\antho\.m2\repository\org\junit\jupiter\junit-jupiter-api\5.9.2\junit-jupiter-api-5.9.2.jar;C:\Users\antho\.m2\repository\org\opentest4j\opentest4j\1.2.0\opentest4j-1.2.0.jar;C:\Users\antho\.m2\repository\org\junit\platform\junit-platform-commons\1.9.2\junit-platform-commons-1.9.2.jar;C:\Users\antho\.m2\repository\org\apiguardian\apiguardian-api\1.1.2\apiguardian-api-1.1.2.jar;"/>
    <property name="sun.cpu.endian" value="little"/>
    <property name="user.home" value="C:\Users\antho"/>
    <property name="user.language" value="es"/>
    <property name="java.specification.vendor" value="Oracle Corporation"/>
    <property name="java.version.date" value="2021-03-16"/>
    <property name="java.home" value="C:\Program Files\Java\jdk-16"/>
    <property name="file.separator" value="\"/>
    <property name="basedir" value="C:\Users\antho\OneDrive\Universidad Portátil\Tercer Año Segundo Cuatrimestre\Mantenimiento y Pruebas del Software\Mantenimiento\prueba"/>
    <property name="java.vm.compressedOopsMode" value="32-bit"/>
    <property name="line.separator" value="&#10;"/>
    <property name="java.vm.specification.vendor" value="Oracle Corporation"/>
    <property name="java.specification.name" value="Java Platform API Specification"/>
    <property name="surefire.real.class.path" value="C:\Users\antho\AppData\Local\Temp\surefire11631335157438413132\surefirebooter-20230207113405210_3.jar"/>
    <property name="user.script" value=""/>
    <property name="sun.management.compiler" value="HotSpot 64-Bit Tiered Compilers"/>
    <property name="java.runtime.version" value="16+36-2231"/>
    <property name="user.name" value="antho"/>
    <property name="path.separator" value=";"/>
    <property name="os.version" value="10.0"/>
    <property name="java.runtime.name" value="Java(TM) SE Runtime Environment"/>
    <property name="file.encoding" value="Cp1252"/>
    <property name="java.vm.name" value="Java HotSpot(TM) 64-Bit Server VM"/>
    <property name="localRepository" value="C:\Users\antho\.m2\repository"/>
    <property name="java.vendor.url.bug" value="https://bugreport.java.com/bugreport/"/>
    <property name="java.io.tmpdir" value="C:\Users\antho\AppData\Local\Temp\"/>
    <property name="java.version" value="16"/>
    <property name="user.dir" value="C:\Users\antho\OneDrive\Universidad Portátil\Tercer Año Segundo Cuatrimestre\Mantenimiento y Pruebas del Software\Mantenimiento\prueba"/>
    <property name="os.arch" value="amd64"/>
    <property name="java.vm.specification.name" value="Java Virtual Machine Specification"/>
    <property name="sun.os.patch.level" value=""/>
    <property name="java.library.path" value="C:\Program Files\Java\jdk-16\bin;C:\Windows\Sun\Java\bin;C:\Windows\system32;C:\Windows;C:\Program Files\Git\mingw64\bin;C:\Program Files\Git\usr\bin;C:\Users\antho\bin;C:\Program Files\Haskell\bin;C:\Program Files\Haskell Platform\8.6.5\lib\extralibs\bin;C:\Program Files\Haskell Platform\8.6.5\bin;C:\MinGW\mingw64\bin;C:\Program Files\Java\jdk-16\bin;C:\MinGW\bin;C:\Program Files\Git\cmd;C:\Program Files\Haskell Platform\8.6.5\mingw\bin;C:\Program Files\Microsoft SQL Server\Client SDK\ODBC\110\Tools\Binn;C:\Program Files (x86)\Microsoft SQL Server\120\Tools\Binn\ManagementStudio;C:\Program Files (x86)\Microsoft SQL Server\120\Tools\Binn;C:\Program Files\Microsoft SQL Server\120\Tools\Binn;C:\Program Files (x86)\Microsoft SQL Server\120\DTS\Binn;C:\Program Files\Microsoft SQL Server\120\DTS\Binn;C:\Program Files (x86)\apache-maven-3.9.0\bin;C:\Users\antho\AppData\Roaming\cabal\bin;C:\Users\antho\AppData\Roaming\local\bin;C:\Users\antho\AppData\Local\Microsoft\WindowsApps;C:\Users\antho\AppData\Local\atom\bin;C:\Users\antho\AppData\Local\Programs\Microsoft VS Code\bin;."/>
    <property name="java.vm.info" value="mixed mode, sharing"/>
    <property name="java.vendor" value="Oracle Corporation"/>
    <property name="java.vm.version" value="16+36-2231"/>
    <property name="sun.io.unicode.encoding" value="UnicodeLittle"/>
    <property name="java.class.version" value="60.0"/>
  </properties>
  <testcase name="factorialOfZeroIsOne" classname="FactorialTest" time="0.023"/>
  <testcase name="factorialOfTwoisTwo" classname="FactorialTest" time="0.001"/>
  <testcase name="factorialOfOneIsOne" classname="FactorialTest" time="0"/>
  <testcase name="factorialOfMinusIs" classname="FactorialTest" time="0.004"/>
  <testcase name="factorialOfThreeIsThree" classname="FactorialTest" time="0"/>
  <testcase name="factorialOfFiveIsFive" classname="FactorialTest" time="0"/>
</testsuite>